This is pdfTeX, Version 3.1415926-1.40.11 (TeX Live 2010) (format=pdflatex 2010.7.21)  8 SEP 2017 22:14
entering extended mode
 \write18 enabled.
 file:line:error style messages enabled.
 %&-line parsing enabled.
**aps_sane.tex
(./aps_sane.tex
LaTeX2e <2009/09/24>
Babel <v3.8l> and hyphenation patterns for english, dumylang, nohyphenation, ge
rman-x-2009-06-19, ngerman-x-2009-06-19, ancientgreek, ibycus, arabic, armenian
, basque, bulgarian, catalan, pinyin, coptic, croatian, czech, danish, dutch, u
kenglish, usenglishmax, esperanto, estonian, farsi, finnish, french, galician, 
german, ngerman, swissgerman, monogreek, greek, hungarian, icelandic, assamese,
 bengali, gujarati, hindi, kannada, malayalam, marathi, oriya, panjabi, tamil, 
telugu, indonesian, interlingua, irish, italian, kurmanji, lao, latin, latvian,
 lithuanian, mongolian, mongolianlmc, bokmal, nynorsk, polish, portuguese, roma
nian, russian, sanskrit, serbian, slovak, slovenian, spanish, swedish, turkish,
 turkmen, ukrainian, uppersorbian, welsh, loaded.
(./revtex4.cls
Document Class: revtex4 2001/08/03 v4.0 (http://publish.aps.org/revtex4/ for do
cumentation)
 Copyright (c) 2001 The American Physical Society.
 mailto:revtex@aps.org
 Licensed under the LPPL:
http://www.ctan.org/tex-archive/macros/latex/base/lppl.txt
 Arthur Ogawa <ogawa@teleport.com>
 Based on work by David Carlisle <david@dcarlisle.demon.co.uk>.
ltxutil: portions licensed from W. E. Baxter (web@superscript.com)
Class revtex4 Info: Repairing broken LateX \@sect on input line 596.
\intertabularlinepenalty=\count79
\@tbpen=\count80
\@arstrutbox@hline=\box26
Class revtex4 Info: Repairing broken LaTeX \@xbitor on input line 1610.
ltxgrid: portions licensed from W. E. Baxter (web@superscript.com)
\c@linecount=\count81
\output=\toks14
\@protection@box=\box27
\@topmark@saved=\toks15
\footins@saved=\box28
\pagesofar=\box29
\footbox=\box30
\pagegrid@col=\count82
Class revtex4 Info: Incorporating package {textcase}  [1998/11/12 v0.06 Text on
ly upper/lower case changing (DPC)]. on input line 3682.
(/usr/local/texlive/2010/texmf-dist/tex/latex/url/url.sty
\Urlmuskip=\muskip10
Package: url 2006/04/12  ver 3.3  Verb mode for urls, etc.
)
\c@affil=\count83
\absbox=\box31
\c@part=\count84
\c@section=\count85
\c@subsection=\count86
\c@subsubsection=\count87
\c@paragraph=\count88
\c@subparagraph=\count89
\abovecaptionskip=\skip41
\belowcaptionskip=\skip42
\c@figure=\count90
\c@table=\count91

(/usr/local/texlive/2010/texmf-dist/tex/latex/natbib/natbib.sty
Package: natbib 2009/11/07 8.31a (PWD, AO)
\bibhang=\skip43
\bibsep=\skip44
LaTeX Info: Redefining \cite on input line 694.
\c@NAT@ctr=\count92
)
\widetext@top=\box32
\widetext@bot=\box33
 (./revsymb.sty
Package: revsymb 2001/08/03 v4.0 (http://publish.aps.org/revtex4/ for documenta
tion)
LaTeX Info: Redefining \REV@mathfrak on input line 118.
)) (./aps.rtx
File: aps.rtx 2001/08/03 v4.0 (http://publish.aps.org/revtex4/ for documentatio
n)
) (./10pt.rtx
File: 10pt.rtx 2001/08/03 v4.0 (http://publish.aps.org/revtex4/ for documentati
on)
)
(/usr/local/texlive/2010/texmf-dist/tex/latex/graphics/graphicx.sty
Package: graphicx 1999/02/16 v1.0f Enhanced LaTeX Graphics (DPC,SPQR)

(/usr/local/texlive/2010/texmf-dist/tex/latex/graphics/keyval.sty
Package: keyval 1999/03/16 v1.13 key=value parser (DPC)
\KV@toks@=\toks16
)
(/usr/local/texlive/2010/texmf-dist/tex/latex/graphics/graphics.sty
Package: graphics 2009/02/05 v1.0o Standard LaTeX Graphics (DPC,SPQR)

(/usr/local/texlive/2010/texmf-dist/tex/latex/graphics/trig.sty
Package: trig 1999/03/16 v1.09 sin cos tan (DPC)
)
(/usr/local/texlive/2010/texmf-dist/tex/latex/latexconfig/graphics.cfg
File: graphics.cfg 2010/04/23 v1.9 graphics configuration of TeX Live
)
Package graphics Info: Driver file: pdftex.def on input line 91.

(/usr/local/texlive/2010/texmf-dist/tex/latex/pdftex-def/pdftex.def
File: pdftex.def 2010/02/14 v0.04n Graphics/color for pdfTeX
\Gread@gobject=\count93
))
\Gin@req@height=\dimen102
\Gin@req@width=\dimen103
)
(/usr/local/texlive/2010/texmf-dist/tex/latex/tools/dcolumn.sty
Package: dcolumn 2001/05/28 v1.06 decimal alignment package (DPC)

(/usr/local/texlive/2010/texmf-dist/tex/latex/tools/array.sty
Package: array 2008/09/09 v2.4c Tabular extension package (FMi)
\col@sep=\dimen104
\extrarowheight=\dimen105
\NC@list=\toks17
\extratabsurround=\skip45
\backup@length=\skip46
))
(/usr/local/texlive/2010/texmf-dist/tex/latex/tools/bm.sty
Package: bm 2004/02/26 v1.1c Bold Symbol Support (DPC/FMi)
\symboldoperators=\mathgroup4
\symboldletters=\mathgroup5
\symboldsymbols=\mathgroup6
LaTeX Font Info:    Redeclaring math alphabet \mathbf on input line 138.
LaTeX Info: Redefining \bm on input line 204.
) (./aps_sane.aux)
\openout1 = `aps_sane.aux'.

LaTeX Font Info:    Checking defaults for OML/cmm/m/it on input line 40.
LaTeX Font Info:    ... okay on input line 40.
LaTeX Font Info:    Checking defaults for T1/cmr/m/n on input line 40.
LaTeX Font Info:    ... okay on input line 40.
LaTeX Font Info:    Checking defaults for OT1/cmr/m/n on input line 40.
LaTeX Font Info:    ... okay on input line 40.
LaTeX Font Info:    Checking defaults for OMS/cmsy/m/n on input line 40.
LaTeX Font Info:    ... okay on input line 40.
LaTeX Font Info:    Checking defaults for OMX/cmex/m/n on input line 40.
LaTeX Font Info:    ... okay on input line 40.
LaTeX Font Info:    Checking defaults for U/cmr/m/n on input line 40.
LaTeX Font Info:    ... okay on input line 40.
Class revtex4 Info: Patching array package. on input line 40.
Class revtex4 Info: cite was not loaded (OK!) on input line 40.
Class revtex4 Info: multicol was not loaded (OK!) on input line 40.

(/usr/local/texlive/2010/texmf-dist/tex/context/base/supp-pdf.mkii
[Loading MPS to PDF converter (version 2006.09.02).]
\scratchcounter=\count94
\scratchdimen=\dimen106
\scratchbox=\box34
\nofMPsegments=\count95
\nofMParguments=\count96
\everyMPshowfont=\toks18
\MPscratchCnt=\count97
\MPscratchDim=\dimen107
\MPnumerator=\count98
\everyMPtoPDFconversion=\toks19
) (/usr/local/texlive/2010/texmf-dist/tex/generic/oberdiek/pdftexcmds.sty
Package: pdftexcmds 2010/04/01 v0.9 Utility functions of pdfTeX for LuaTeX (HO)


(/usr/local/texlive/2010/texmf-dist/tex/generic/oberdiek/infwarerr.sty
Package: infwarerr 2010/04/08 v1.3 Providing info/warning/message (HO)
)
(/usr/local/texlive/2010/texmf-dist/tex/generic/oberdiek/ifluatex.sty
Package: ifluatex 2010/03/01 v1.3 Provides the ifluatex switch (HO)
Package ifluatex Info: LuaTeX not detected.
)
(/usr/local/texlive/2010/texmf-dist/tex/generic/oberdiek/ltxcmds.sty
Package: ltxcmds 2010/04/26 v1.7 LaTeX kernel commands for general use (HO)
)
Package pdftexcmds Info: LuaTeX not detected.
Package pdftexcmds Info: \pdf@primitive is available.
Package pdftexcmds Info: \pdf@ifprimitive is available.
)
(/usr/local/texlive/2010/texmf-dist/tex/latex/oberdiek/epstopdf-base.sty
Package: epstopdf-base 2010/02/09 v2.5 Base part for package epstopdf

(/usr/local/texlive/2010/texmf-dist/tex/latex/oberdiek/grfext.sty
Package: grfext 2007/09/30 v1.0 Managing graphics extensions (HO)
)
(/usr/local/texlive/2010/texmf-dist/tex/latex/oberdiek/kvoptions.sty
Package: kvoptions 2010/02/22 v3.7 Keyval support for LaTeX options (HO)

(/usr/local/texlive/2010/texmf-dist/tex/generic/oberdiek/kvsetkeys.sty
Package: kvsetkeys 2010/03/01 v1.9 Key value parser (HO)

(/usr/local/texlive/2010/texmf-dist/tex/generic/oberdiek/etexcmds.sty
Package: etexcmds 2010/01/28 v1.3 Prefix for e-TeX command names (HO)
Package etexcmds Info: Could not find \expanded.
(etexcmds)             That can mean that you are not using pdfTeX 1.50 or
(etexcmds)             that some package has redefined \expanded.
(etexcmds)             In the latter case, load this package earlier.
)))
Package grfext Info: Graphics extension search list:
(grfext)             [.png,.pdf,.jpg,.mps,.jpeg,.jbig2,.jb2,.PNG,.PDF,.JPG,.JPE
G,.JBIG2,.JB2,.eps]
(grfext)             \AppendGraphicsExtensions on input line 436.

(/usr/local/texlive/2010/texmf-dist/tex/latex/latexconfig/epstopdf-sys.cfg
File: epstopdf-sys.cfg 2010/07/13 v1.3 Configuration of (r)epstopdf for TeX Liv
e
))
LaTeX Font Info:    External font `cmex10' loaded for size
(Font)              <9> on input line 135.
LaTeX Font Info:    External font `cmex10' loaded for size
(Font)              <6> on input line 135.
LaTeX Font Info:    External font `cmex10' loaded for size
(Font)              <5> on input line 135.
LaTeX Font Info:    External font `cmex10' loaded for size
(Font)              <12> on input line 196.
LaTeX Font Info:    External font `cmex10' loaded for size
(Font)              <8> on input line 196.
LaTeX Font Info:    External font `cmex10' loaded for size
(Font)              <7> on input line 196.

<gep_gmp_ratio_noSANE.pdf, id=1, 569.12625pt x 712.6625pt>
File: gep_gmp_ratio_noSANE.pdf Graphic file (type pdf)

<use gep_gmp_ratio_noSANE.pdf> [1{/usr/local/texlive/2010/texmf-var/fonts/map/p
dftex/updmap/pdftex.map}]

LaTeX Warning: A float is stuck (cannot be placed); try class option [floatfix]
 on input line 311.


Underfull \hbox (badness 1221) in paragraph at lines 347--359
[]\OT1/cmr/m/n/10 The ex-per-i-ment SANE (E07-003) is a single-arm
 []


LaTeX Warning: Command \o invalid in math mode on input line 400.

[2 <./gep_gmp_ratio_noSANE.pdf>] [3]
<replot4paper_delta.pdf, id=77, 318.94298pt x 514.00565pt>
File: replot4paper_delta.pdf Graphic file (type pdf)

<use replot4paper_delta.pdf> [4 <./replot4paper_delta.pdf>]
<replot4paper_xydiff5.pdf, id=99, 609.97055pt x 496.53201pt>
File: replot4paper_xydiff5.pdf Graphic file (type pdf)

<use replot4paper_xydiff5.pdf>
<replot4paper_dp_cut5.pdf, id=100, 615.49902pt x 500.40271pt>
File: replot4paper_dp_cut5.pdf Graphic file (type pdf)

<use replot4paper_dp_cut5.pdf> [5 <./replot4paper_xydiff5.pdf> <./replot4paper_
dp_cut5.pdf>] <single_corr.pdf, id=140, 603.62502pt x 484.05261pt>
File: single_corr.pdf Graphic file (type pdf)

<use single_corr.pdf>
Overfull \hbox (4.0pt too wide) in paragraph at lines 870--887
 []$[]$ 
 []

<coin1.pdf, id=141, 369.92503pt x 344.41742pt>
File: coin1.pdf Graphic file (type pdf)
 <use coin1.pdf>
<coin2.pdf, id=142, 296.34665pt x 144.5651pt>
File: coin2.pdf Graphic file (type pdf)
 <use coin2.pdf>
Overfull \hbox (4.0pt too wide) in paragraph at lines 918--939
 []$[]$ 
 []


Overfull \hbox (4.0pt too wide) in paragraph at lines 918--939
 []$ 
 []

[6 <./single_corr.pdf> <./coin1.pdf> <./coin2.pdf>]
<trg_cont810.pdf, id=333, 455.11078pt x 375.17625pt>
File: trg_cont810.pdf Graphic file (type pdf)
 <use trg_cont810.pdf>
<reldf_8_10.pdf, id=334, 684.55376pt x 281.8271pt>
File: reldf_8_10.pdf Graphic file (type pdf)
 <use reldf_8_10.pdf>
<Ap_8_10.pdf, id=335, 611.37418pt x 252.5169pt>
File: Ap_8_10.pdf Graphic file (type pdf)
 <use Ap_8_10.pdf>
<trg_cont1012.pdf, id=336, 448.6644pt x 377.75476pt>
File: trg_cont1012.pdf Graphic file (type pdf)
 <use trg_cont1012.pdf>
<reldf_10_12.pdf, id=337, 685.9181pt x 275.72021pt>
File: reldf_10_12.pdf Graphic file (type pdf)
 <use reldf_10_12.pdf>
<Ap_10_12.pdf, id=338, 611.55368pt x 251.34099pt>
File: Ap_10_12.pdf Graphic file (type pdf)
 <use Ap_10_12.pdf>
LaTeX Font Info:    Try loading font information for OML+cmr on input line 1148
.

(/usr/local/texlive/2010/texmf-dist/tex/latex/base/omlcmr.fd
File: omlcmr.fd 1999/05/25 v2.5h Standard LaTeX font definitions
)
LaTeX Font Info:    Font shape `OML/cmr/m/n' in size <10> not available
(Font)              Font shape `OML/cmm/m/it' tried instead on input line 1148.



LaTeX Warning: Command \textless invalid in math mode on input line 1206.


LaTeX Warning: Command \textless invalid in math mode on input line 1206.

<cnorm_5.pdf, id=339, 363.5729pt x 297.17574pt>
File: cnorm_5.pdf Graphic file (type pdf)
 <use cnorm_5.pdf>
<Ap_Q2_Single_Coin.pdf, id=340, 566.78816pt x 258.16972pt>
File: Ap_Q2_Single_Coin.pdf Graphic file (type pdf)

<use Ap_Q2_Single_Coin.pdf>
Overfull \hbox (4.0pt too wide) in paragraph at lines 1273--1278
 []$[]$ 
 []


Overfull \hbox (6.08904pt too wide) in alignment at lines 1347--1359
 [][][] []
 []

[7]

LaTeX Warning: Command \textless invalid in math mode on input line 1383.

LaTeX Font Info:    Font shape `OML/cmr/m/n' in size <9> not available
(Font)              Font shape `OML/cmm/m/it' tried instead on input line 1383.


LaTeX Warning: Command \textless invalid in math mode on input line 1383.


LaTeX Warning: Command \textless invalid in math mode on input line 1383.


LaTeX Warning: Command \textless invalid in math mode on input line 1383.


LaTeX Warning: Command \textless invalid in math mode on input line 1383.


LaTeX Warning: Command \textless invalid in math mode on input line 1383.


LaTeX Warning: Command \textless invalid in math mode on input line 1383.


LaTeX Warning: Command \textless invalid in math mode on input line 1383.

[8 <./trg_cont810.pdf> <./reldf_8_10.pdf> <./Ap_8_10.pdf> <./trg_cont1012.pdf> 
<./reldf_10_12.pdf> <./Ap_10_12.pdf>]

LaTeX Warning: Command \o invalid in math mode on input line 1445.

[9 <./cnorm_5.pdf> <./Ap_Q2_Single_Coin.pdf>]

LaTeX Warning: Command \textless invalid in math mode on input line 1458.


LaTeX Warning: Command \textless invalid in math mode on input line 1458.


LaTeX Warning: Command \textless invalid in math mode on input line 1458.


LaTeX Warning: Command \textless invalid in math mode on input line 1458.


LaTeX Warning: Command \textless invalid in math mode on input line 1464.


LaTeX Warning: Command \textless invalid in math mode on input line 1464.


LaTeX Warning: Command \textless invalid in math mode on input line 1465.


LaTeX Warning: Command \textless invalid in math mode on input line 1465.

<gep_gmp_ratio_SANEhighlited.pdf, id=567, 569.12625pt x 712.6625pt>
File: gep_gmp_ratio_SANEhighlited.pdf Graphic file (type pdf)

<use gep_gmp_ratio_SANEhighlited.pdf> [10]

LaTeX Warning: A float is stuck (cannot be placed); try class option [floatfix]
 on input line 1609.

(./aps_sane.bbl [11 <./gep_gmp_ratio_SANEhighlited.pdf>]
Underfull \hbox (badness 5519) in paragraph at lines 339--342
 []\OT1/cmr/m/n/9 W. Arm-strong, Ph.D. the-sis, Tem-ple Uni-ver-sity,
 []


Underfull \hbox (badness 10000) in paragraph at lines 423--424
 []\OT1/cmr/m/n/9 https://hallcweb.jlab.org/document/howtos/
 []

) [12] (./aps_sane.aux) ) 
Here is how much of TeX's memory you used:
 3396 strings out of 493747
 44371 string characters out of 3143546
 151345 words of memory out of 3000000
 6641 multiletter control sequences out of 15000+200000
 13248 words of font info for 45 fonts, out of 3000000 for 9000
 714 hyphenation exceptions out of 8191
 37i,11n,31p,788b,322s stack positions out of 5000i,500n,10000p,200000b,50000s
</usr/local/texlive/2010/texmf-dist/fonts/type1/public
/amsfonts/cm/cmbx12.pfb></usr/local/texlive/2010/texmf-dist/fonts/type1/public/
amsfonts/cm/cmbx9.pfb></usr/local/texlive/2010/texmf-dist/fonts/type1/public/am
sfonts/cm/cmex10.pfb></usr/local/texlive/2010/texmf-dist/fonts/type1/public/ams
fonts/cm/cmmi10.pfb></usr/local/texlive/2010/texmf-dist/fonts/type1/public/amsf
onts/cm/cmmi12.pfb></usr/local/texlive/2010/texmf-dist/fonts/type1/public/amsfo
nts/cm/cmmi5.pfb></usr/local/texlive/2010/texmf-dist/fonts/type1/public/amsfont
s/cm/cmmi6.pfb></usr/local/texlive/2010/texmf-dist/fonts/type1/public/amsfonts/
cm/cmmi7.pfb></usr/local/texlive/2010/texmf-dist/fonts/type1/public/amsfonts/cm
/cmmi8.pfb></usr/local/texlive/2010/texmf-dist/fonts/type1/public/amsfonts/cm/c
mmi9.pfb></usr/local/texlive/2010/texmf-dist/fonts/type1/public/amsfonts/cm/cmm
ib10.pfb></usr/local/texlive/2010/texmf-dist/fonts/type1/public/amsfonts/cmextr
a/cmmib6.pfb></usr/local/texlive/2010/texmf-dist/fonts/type1/public/amsfonts/cm
extra/cmmib8.pfb></usr/local/texlive/2010/texmf-dist/fonts/type1/public/amsfont
s/cmextra/cmmib9.pfb></usr/local/texlive/2010/texmf-dist/fonts/type1/public/ams
fonts/cm/cmr10.pfb></usr/local/texlive/2010/texmf-dist/fonts/type1/public/amsfo
nts/cm/cmr12.pfb></usr/local/texlive/2010/texmf-dist/fonts/type1/public/amsfont
s/cm/cmr6.pfb></usr/local/texlive/2010/texmf-dist/fonts/type1/public/amsfonts/c
m/cmr7.pfb></usr/local/texlive/2010/texmf-dist/fonts/type1/public/amsfonts/cm/c
mr8.pfb></usr/local/texlive/2010/texmf-dist/fonts/type1/public/amsfonts/cm/cmr9
.pfb></usr/local/texlive/2010/texmf-dist/fonts/type1/public/amsfonts/cm/cmsy10.
pfb></usr/local/texlive/2010/texmf-dist/fonts/type1/public/amsfonts/cm/cmsy5.pf
b></usr/local/texlive/2010/texmf-dist/fonts/type1/public/amsfonts/cm/cmsy6.pfb>
</usr/local/texlive/2010/texmf-dist/fonts/type1/public/amsfonts/cm/cmsy7.pfb></
usr/local/texlive/2010/texmf-dist/fonts/type1/public/amsfonts/cm/cmsy8.pfb></us
r/local/texlive/2010/texmf-dist/fonts/type1/public/amsfonts/cm/cmsy9.pfb></usr/
local/texlive/2010/texmf-dist/fonts/type1/public/amsfonts/cm/cmti10.pfb></usr/l
ocal/texlive/2010/texmf-dist/fonts/type1/public/amsfonts/cm/cmti12.pfb></usr/lo
cal/texlive/2010/texmf-dist/fonts/type1/public/amsfonts/cm/cmti7.pfb></usr/loca
l/texlive/2010/texmf-dist/fonts/type1/public/amsfonts/cm/cmti9.pfb>
Output written on aps_sane.pdf (12 pages, 2561027 bytes).
PDF statistics:
 702 PDF objects out of 1000 (max. 8388607)
 447 compressed objects within 5 object streams
 0 named destinations out of 1000 (max. 500000)
 81 words of extra memory for PDF output out of 10000 (max. 10000000)

